
Collecting usage statistics. To deactivate, set browser.gatherUsageStats to false.

2026-05-02 21:22:54.864 Uvicorn server started on 0.0.0.0:7860

  You can now view your Streamlit app in your browser.

  Local URL: http://localhost:7860
  Network URL: http://10.0.0.10:7860
  External URL: http://101.34.254.78:7860


Collecting usage statistics. To deactivate, set browser.gatherUsageStats to false.

2026-05-02 21:44:26.145 Port 7860 is not available

Collecting usage statistics. To deactivate, set browser.gatherUsageStats to false.

2026-05-02 21:44:29.766 Port 7860 is not available

Collecting usage statistics. To deactivate, set browser.gatherUsageStats to false.

2026-05-02 21:44:33.502 Port 7860 is not available

Collecting usage statistics. To deactivate, set browser.gatherUsageStats to false.

2026-05-02 21:44:37.249 Port 7860 is not available

Collecting usage statistics. To deactivate, set browser.gatherUsageStats to false.

2026-05-02 21:44:41.020 Port 7860 is not available

Collecting usage statistics. To deactivate, set browser.gatherUsageStats to false.

2026-05-02 21:44:44.764 Port 7860 is not available

Collecting usage statistics. To deactivate, set browser.gatherUsageStats to false.

2026-05-02 21:44:48.501 Port 7860 is not available

Collecting usage statistics. To deactivate, set browser.gatherUsageStats to false.

2026-05-02 21:44:52.266 Port 7860 is not available

Collecting usage statistics. To deactivate, set browser.gatherUsageStats to false.

2026-05-02 21:44:56.012 Port 7860 is not available

Collecting usage statistics. To deactivate, set browser.gatherUsageStats to false.

2026-05-02 21:44:59.757 Port 7860 is not available

Collecting usage statistics. To deactivate, set browser.gatherUsageStats to false.

2026-05-02 21:45:03.506 Port 7860 is not available

Collecting usage statistics. To deactivate, set browser.gatherUsageStats to false.

2026-05-02 21:45:07.251 Port 7860 is not available

Collecting usage statistics. To deactivate, set browser.gatherUsageStats to false.

2026-05-02 21:45:11.006 Port 7860 is not available

Collecting usage statistics. To deactivate, set browser.gatherUsageStats to false.

2026-05-02 21:45:14.757 Port 7860 is not available

Collecting usage statistics. To deactivate, set browser.gatherUsageStats to false.

2026-05-02 21:45:18.495 Port 7860 is not available

Collecting usage statistics. To deactivate, set browser.gatherUsageStats to false.

2026-05-02 21:45:22.255 Port 7860 is not available

Collecting usage statistics. To deactivate, set browser.gatherUsageStats to false.

2026-05-02 21:45:26.005 Port 7860 is not available

Collecting usage statistics. To deactivate, set browser.gatherUsageStats to false.

2026-05-02 21:45:29.754 Port 7860 is not available

Collecting usage statistics. To deactivate, set browser.gatherUsageStats to false.

2026-05-02 21:45:33.504 Port 7860 is not available

Collecting usage statistics. To deactivate, set browser.gatherUsageStats to false.

2026-05-02 21:45:37.251 Port 7860 is not available

Collecting usage statistics. To deactivate, set browser.gatherUsageStats to false.

2026-05-02 21:45:41.008 Port 7860 is not available

Collecting usage statistics. To deactivate, set browser.gatherUsageStats to false.

2026-05-02 21:45:44.762 Port 7860 is not available

Collecting usage statistics. To deactivate, set browser.gatherUsageStats to false.

2026-05-02 21:45:48.501 Port 7860 is not available

Collecting usage statistics. To deactivate, set browser.gatherUsageStats to false.

2026-05-02 21:45:52.258 Port 7860 is not available

Collecting usage statistics. To deactivate, set browser.gatherUsageStats to false.

2026-05-02 21:45:56.007 Port 7860 is not available

Collecting usage statistics. To deactivate, set browser.gatherUsageStats to false.

2026-05-02 21:45:59.753 Port 7860 is not available

Collecting usage statistics. To deactivate, set browser.gatherUsageStats to false.

2026-05-02 21:46:03.497 Port 7860 is not available

Collecting usage statistics. To deactivate, set browser.gatherUsageStats to false.

2026-05-02 21:46:07.249 Port 7860 is not available

Collecting usage statistics. To deactivate, set browser.gatherUsageStats to false.

2026-05-02 21:46:11.002 Port 7860 is not available

Collecting usage statistics. To deactivate, set browser.gatherUsageStats to false.

2026-05-02 21:46:14.754 Port 7860 is not available

Collecting usage statistics. To deactivate, set browser.gatherUsageStats to false.

2026-05-02 21:46:18.505 Port 7860 is not available

Collecting usage statistics. To deactivate, set browser.gatherUsageStats to false.

2026-05-02 21:46:22.305 Port 7860 is not available

Collecting usage statistics. To deactivate, set browser.gatherUsageStats to false.

2026-05-02 21:46:26.340 Port 7860 is not available

Collecting usage statistics. To deactivate, set browser.gatherUsageStats to false.

2026-05-02 21:46:30.265 Port 7860 is not available

Collecting usage statistics. To deactivate, set browser.gatherUsageStats to false.

2026-05-02 21:46:34.007 Port 7860 is not available

Collecting usage statistics. To deactivate, set browser.gatherUsageStats to false.

2026-05-02 21:46:37.754 Port 7860 is not available

Collecting usage statistics. To deactivate, set browser.gatherUsageStats to false.

2026-05-02 21:46:41.502 Port 7860 is not available

Collecting usage statistics. To deactivate, set browser.gatherUsageStats to false.

2026-05-02 21:46:45.263 Port 7860 is not available

Collecting usage statistics. To deactivate, set browser.gatherUsageStats to false.

2026-05-02 21:46:49.004 Port 7860 is not available

Collecting usage statistics. To deactivate, set browser.gatherUsageStats to false.

2026-05-02 21:46:52.767 Port 7860 is not available

Collecting usage statistics. To deactivate, set browser.gatherUsageStats to false.

2026-05-02 21:46:56.504 Port 7860 is not available

Collecting usage statistics. To deactivate, set browser.gatherUsageStats to false.

2026-05-02 21:47:00.271 Port 7860 is not available

Collecting usage statistics. To deactivate, set browser.gatherUsageStats to false.

2026-05-02 21:47:04.011 Port 7860 is not available

Collecting usage statistics. To deactivate, set browser.gatherUsageStats to false.

2026-05-02 21:47:07.751 Port 7860 is not available

Collecting usage statistics. To deactivate, set browser.gatherUsageStats to false.

2026-05-02 21:47:11.511 Port 7860 is not available

Collecting usage statistics. To deactivate, set browser.gatherUsageStats to false.

2026-05-02 21:47:15.259 Port 7860 is not available

Collecting usage statistics. To deactivate, set browser.gatherUsageStats to false.

2026-05-02 21:47:19.002 Port 7860 is not available

Collecting usage statistics. To deactivate, set browser.gatherUsageStats to false.

2026-05-02 21:47:22.761 Port 7860 is not available

Collecting usage statistics. To deactivate, set browser.gatherUsageStats to false.

2026-05-02 21:47:26.506 Port 7860 is not available

Collecting usage statistics. To deactivate, set browser.gatherUsageStats to false.

2026-05-02 21:47:30.263 Port 7860 is not available

Collecting usage statistics. To deactivate, set browser.gatherUsageStats to false.

2026-05-02 21:47:34.007 Port 7860 is not available

Collecting usage statistics. To deactivate, set browser.gatherUsageStats to false.

2026-05-02 21:47:37.753 Port 7860 is not available

Collecting usage statistics. To deactivate, set browser.gatherUsageStats to false.

2026-05-02 21:47:41.501 Port 7860 is not available

Collecting usage statistics. To deactivate, set browser.gatherUsageStats to false.

2026-05-02 21:47:45.259 Port 7860 is not available

Collecting usage statistics. To deactivate, set browser.gatherUsageStats to false.

2026-05-02 21:47:49.005 Port 7860 is not available

Collecting usage statistics. To deactivate, set browser.gatherUsageStats to false.

2026-05-02 21:47:52.764 Port 7860 is not available

Collecting usage statistics. To deactivate, set browser.gatherUsageStats to false.

2026-05-02 21:47:56.501 Port 7860 is not available

Collecting usage statistics. To deactivate, set browser.gatherUsageStats to false.

2026-05-02 21:48:00.261 Port 7860 is not available

Collecting usage statistics. To deactivate, set browser.gatherUsageStats to false.

2026-05-02 21:48:04.013 Port 7860 is not available

Collecting usage statistics. To deactivate, set browser.gatherUsageStats to false.

2026-05-02 21:48:07.763 Port 7860 is not available

Collecting usage statistics. To deactivate, set browser.gatherUsageStats to false.

2026-05-02 21:48:11.502 Port 7860 is not available

Collecting usage statistics. To deactivate, set browser.gatherUsageStats to false.

2026-05-02 21:48:15.261 Port 7860 is not available

Collecting usage statistics. To deactivate, set browser.gatherUsageStats to false.

2026-05-02 21:48:19.022 Port 7860 is not available

Collecting usage statistics. To deactivate, set browser.gatherUsageStats to false.

2026-05-02 21:48:22.765 Port 7860 is not available

Collecting usage statistics. To deactivate, set browser.gatherUsageStats to false.

2026-05-02 21:48:26.506 Port 7860 is not available

Collecting usage statistics. To deactivate, set browser.gatherUsageStats to false.

2026-05-02 21:48:30.251 Port 7860 is not available

Collecting usage statistics. To deactivate, set browser.gatherUsageStats to false.

2026-05-02 21:48:34.020 Port 7860 is not available

Collecting usage statistics. To deactivate, set browser.gatherUsageStats to false.

2026-05-02 21:48:37.750 Port 7860 is not available

Collecting usage statistics. To deactivate, set browser.gatherUsageStats to false.

2026-05-02 21:48:41.498 Port 7860 is not available

Collecting usage statistics. To deactivate, set browser.gatherUsageStats to false.

2026-05-02 21:48:45.256 Port 7860 is not available

Collecting usage statistics. To deactivate, set browser.gatherUsageStats to false.

2026-05-02 21:48:49.018 Port 7860 is not available

Collecting usage statistics. To deactivate, set browser.gatherUsageStats to false.

2026-05-02 21:48:52.763 Port 7860 is not available
